Arguments: 
  /var/lib/snapd/snap/node/5953/bin/node /var/lib/snapd/snap/node/5953/bin/yarn.js add react-native-google-singin

PATH: 
  /usr/local/bin:/usr/local/sbin:/usr/bin:/usr/sbin:/var/lib/snapd/snap/bin:/home/dakata/bin:/home/dakata/bin:/home/dakata/Android/Sdk/emulator:/home/dakata/Android/Sdk/tools:/home/dakata/Android/Sdk/tools/bin:/home/dakata/Android/Sdk/platform-tools:/home/dakata/Android/Sdk/emulator:/home/dakata/Android/Sdk/tools:/home/dakata/Android/Sdk/tools/bin:/home/dakata/Android/Sdk/platform-tools

Yarn version: 
  1.22.17

Node version: 
  16.14.0

Platform: 
  linux x64

Trace: 
  Error: https://registry.yarnpkg.com/react-native-google-singin: Not found
      at Request.params.callback [as _callback] (/var/lib/snapd/snap/node/5953/lib/cli.js:67029:18)
      at Request.self.callback (/var/lib/snapd/snap/node/5953/lib/cli.js:140883:22)
      at Request.emit (node:events:520:28)
      at Request.<anonymous> (/var/lib/snapd/snap/node/5953/lib/cli.js:141855:10)
      at Request.emit (node:events:520:28)
      at IncomingMessage.<anonymous> (/var/lib/snapd/snap/node/5953/lib/cli.js:141777:12)
      at Object.onceWrapper (node:events:639:28)
      at IncomingMessage.emit (node:events:532:35)
      at endReadableNT (node:internal/streams/readable:1346:12)
      at processTicksAndRejections (node:internal/process/task_queues:83:21)

npm manifest: 
  {
    "name": "hactues",
    "version": "1.0.0",
    "main": "node_modules/expo/AppEntry.js",
    "scripts": {
      "start": "expo start",
      "android": "expo start --android",
      "ios": "expo start --ios",
      "web": "expo start --web",
      "eject": "expo eject"
    },
    "dependencies": {
      "@fortawesome/fontawesome-svg-core": "^1.3.0",
      "@fortawesome/free-solid-svg-icons": "^6.0.0",
      "@fortawesome/react-fontawesome": "^0.1.17",
      "@fortawesome/react-native-fontawesome": "^0.2.7",
      "@react-native-async-storage/async-storage": "~1.15.0",
      "@react-navigation/native": "^6.0.8",
      "@react-navigation/native-stack": "^6.5.0",
      "expo": "~44.0.0",
      "expo-firebase-analytics": "~6.0.0",
      "expo-status-bar": "~1.2.0",
      "expo-updates": "~0.11.6",
      "firebase": "^9.4.1",
      "react": "17.0.1",
      "react-dom": "17.0.1",
      "react-firebase-hooks": "^5.0.3",
      "react-native": "0.64.3",
      "react-native-dotenv": "^3.3.1",
      "react-native-login-google": "^2.0.3",
      "react-native-svg": "12.1.1",
      "react-native-web": "0.17.1",
      "uuidv4": "^5.0.1"
    },
    "devDependencies": {
      "@babel/core": "^7.12.9"
    },
    "private": true
  }

yarn manifest: 
  No manifest

Lockfile: 
  No lockfile
